2024-10-14 07:28:01,101 INFO Set uid to user 0 succeeded
2024-10-14 07:28:01,105 INFO supervisord started with pid 1
2024-10-14 07:28:02,109 INFO spawned: 'laravel-worker_00' with pid 8
2024-10-14 07:28:02,112 INFO spawned: 'laravel-worker_01' with pid 9
2024-10-14 07:28:02,114 INFO spawned: 'laravel-worker_02' with pid 10
2024-10-14 07:28:02,117 INFO spawned: 'laravel-worker_03' with pid 11
2024-10-14 07:28:02,119 INFO spawned: 'laravel-worker_04' with pid 12
2024-10-14 07:28:02,121 INFO spawned: 'laravel-worker_05' with pid 13
2024-10-14 07:28:02,122 INFO spawned: 'laravel-worker_06' with pid 14
2024-10-14 07:28:02,125 INFO spawned: 'laravel-worker_07' with pid 15
2024-10-14 07:28:02,127 INFO spawned: 'php-fpm' with pid 16
2024-10-14 07:28:03,318 INFO success: laravel-worker_00 entered RUNNING state, process has stayed up for > than 1 seconds (startsecs)
2024-10-14 07:28:03,319 INFO success: laravel-worker_01 entered RUNNING state, process has stayed up for > than 1 seconds (startsecs)
2024-10-14 07:28:03,319 INFO success: laravel-worker_02 entered RUNNING state, process has stayed up for > than 1 seconds (startsecs)
2024-10-14 07:28:03,319 INFO success: laravel-worker_03 entered RUNNING state, process has stayed up for > than 1 seconds (startsecs)
2024-10-14 07:28:03,319 INFO success: laravel-worker_04 entered RUNNING state, process has stayed up for > than 1 seconds (startsecs)
2024-10-14 07:28:03,319 INFO success: laravel-worker_05 entered RUNNING state, process has stayed up for > than 1 seconds (startsecs)
2024-10-14 07:28:03,319 INFO success: laravel-worker_06 entered RUNNING state, process has stayed up for > than 1 seconds (startsecs)
2024-10-14 07:28:03,319 INFO success: laravel-worker_07 entered RUNNING state, process has stayed up for > than 1 seconds (startsecs)
2024-10-14 07:28:03,319 INFO success: php-fpm entered RUNNING state, process has stayed up for > than 1 seconds (startsecs)
2024-10-14 07:35:26,790 WARN received SIGQUIT indicating exit request
2024-10-14 07:35:26,792 INFO waiting for laravel-worker_00, laravel-worker_01, laravel-worker_02, laravel-worker_03, laravel-worker_04, laravel-worker_05, laravel-worker_06, laravel-worker_07, php-fpm to die
2024-10-14 07:35:26,820 INFO stopped: php-fpm (exit status 0)
2024-10-14 07:35:26,823 WARN stopped: laravel-worker_01 (terminated by SIGTERM)
2024-10-14 07:35:26,823 WARN stopped: laravel-worker_00 (terminated by SIGTERM)
2024-10-14 07:35:26,823 WARN stopped: laravel-worker_02 (terminated by SIGTERM)
2024-10-14 07:35:26,823 WARN stopped: laravel-worker_03 (terminated by SIGTERM)
2024-10-14 07:35:26,823 WARN stopped: laravel-worker_04 (terminated by SIGTERM)
2024-10-14 07:35:26,824 WARN stopped: laravel-worker_05 (terminated by SIGTERM)
2024-10-14 07:35:26,824 WARN stopped: laravel-worker_06 (terminated by SIGTERM)
2024-10-14 07:35:26,824 WARN stopped: laravel-worker_07 (terminated by SIGTERM)
2024-10-14 09:50:47,029 INFO Set uid to user 0 succeeded
2024-10-14 09:50:47,033 INFO supervisord started with pid 1
2024-10-14 09:50:48,034 INFO spawned: 'laravel-worker_00' with pid 7
2024-10-14 09:50:48,036 INFO spawned: 'laravel-worker_01' with pid 8
2024-10-14 09:50:48,037 INFO spawned: 'laravel-worker_02' with pid 9
2024-10-14 09:50:48,040 INFO spawned: 'laravel-worker_03' with pid 10
2024-10-14 09:50:48,042 INFO spawned: 'laravel-worker_04' with pid 11
2024-10-14 09:50:48,044 INFO spawned: 'laravel-worker_05' with pid 12
2024-10-14 09:50:48,045 INFO spawned: 'laravel-worker_06' with pid 13
2024-10-14 09:50:48,048 INFO spawned: 'laravel-worker_07' with pid 14
2024-10-14 09:50:48,051 INFO spawned: 'php-fpm' with pid 15
2024-10-14 09:50:49,216 INFO success: laravel-worker_00 entered RUNNING state, process has stayed up for > than 1 seconds (startsecs)
2024-10-14 09:50:49,216 INFO success: laravel-worker_01 entered RUNNING state, process has stayed up for > than 1 seconds (startsecs)
2024-10-14 09:50:49,216 INFO success: laravel-worker_02 entered RUNNING state, process has stayed up for > than 1 seconds (startsecs)
2024-10-14 09:50:49,216 INFO success: laravel-worker_03 entered RUNNING state, process has stayed up for > than 1 seconds (startsecs)
2024-10-14 09:50:49,216 INFO success: laravel-worker_04 entered RUNNING state, process has stayed up for > than 1 seconds (startsecs)
2024-10-14 09:50:49,216 INFO success: laravel-worker_05 entered RUNNING state, process has stayed up for > than 1 seconds (startsecs)
2024-10-14 09:50:49,216 INFO success: laravel-worker_06 entered RUNNING state, process has stayed up for > than 1 seconds (startsecs)
2024-10-14 09:50:49,216 INFO success: laravel-worker_07 entered RUNNING state, process has stayed up for > than 1 seconds (startsecs)
2024-10-14 09:50:49,216 INFO success: php-fpm entered RUNNING state, process has stayed up for > than 1 seconds (startsecs)
2024-10-14 11:21:53,988 WARN received SIGQUIT indicating exit request
2024-10-14 11:21:53,990 INFO waiting for laravel-worker_00, laravel-worker_01, laravel-worker_02, laravel-worker_03, laravel-worker_04, laravel-worker_05, laravel-worker_06, laravel-worker_07, php-fpm to die
2024-10-14 11:21:53,994 INFO stopped: php-fpm (exit status 0)
2024-10-14 11:21:53,996 WARN stopped: laravel-worker_02 (terminated by SIGTERM)
2024-10-14 11:21:53,996 WARN stopped: laravel-worker_00 (terminated by SIGTERM)
2024-10-14 11:21:53,996 WARN stopped: laravel-worker_01 (terminated by SIGTERM)
2024-10-14 11:21:53,996 WARN stopped: laravel-worker_03 (terminated by SIGTERM)
2024-10-14 11:21:53,996 WARN stopped: laravel-worker_04 (terminated by SIGTERM)
2024-10-14 11:21:53,996 WARN stopped: laravel-worker_05 (terminated by SIGTERM)
2024-10-14 11:21:53,996 WARN stopped: laravel-worker_06 (terminated by SIGTERM)
2024-10-14 11:21:53,997 WARN stopped: laravel-worker_07 (terminated by SIGTERM)
2024-10-14 16:32:41,245 INFO Set uid to user 0 succeeded
2024-10-14 16:32:41,253 INFO supervisord started with pid 1
2024-10-14 16:32:42,256 INFO spawned: 'laravel-worker_00' with pid 7
2024-10-14 16:32:42,257 INFO spawned: 'laravel-worker_01' with pid 8
2024-10-14 16:32:42,258 INFO spawned: 'laravel-worker_02' with pid 9
2024-10-14 16:32:42,260 INFO spawned: 'laravel-worker_03' with pid 10
2024-10-14 16:32:42,261 INFO spawned: 'laravel-worker_04' with pid 11
2024-10-14 16:32:42,263 INFO spawned: 'laravel-worker_05' with pid 12
2024-10-14 16:32:42,265 INFO spawned: 'laravel-worker_06' with pid 13
2024-10-14 16:32:42,268 INFO spawned: 'laravel-worker_07' with pid 14
2024-10-14 16:32:42,271 INFO spawned: 'php-fpm' with pid 15
2024-10-14 16:32:43,468 INFO success: laravel-worker_00 entered RUNNING state, process has stayed up for > than 1 seconds (startsecs)
2024-10-14 16:32:43,468 INFO success: laravel-worker_01 entered RUNNING state, process has stayed up for > than 1 seconds (startsecs)
2024-10-14 16:32:43,468 INFO success: laravel-worker_02 entered RUNNING state, process has stayed up for > than 1 seconds (startsecs)
2024-10-14 16:32:43,468 INFO success: laravel-worker_03 entered RUNNING state, process has stayed up for > than 1 seconds (startsecs)
2024-10-14 16:32:43,468 INFO success: laravel-worker_04 entered RUNNING state, process has stayed up for > than 1 seconds (startsecs)
2024-10-14 16:32:43,468 INFO success: laravel-worker_05 entered RUNNING state, process has stayed up for > than 1 seconds (startsecs)
2024-10-14 16:32:43,468 INFO success: laravel-worker_06 entered RUNNING state, process has stayed up for > than 1 seconds (startsecs)
2024-10-14 16:32:43,468 INFO success: laravel-worker_07 entered RUNNING state, process has stayed up for > than 1 seconds (startsecs)
2024-10-14 16:32:43,468 INFO success: php-fpm entered RUNNING state, process has stayed up for > than 1 seconds (startsecs)
2024-10-14 17:05:08,143 WARN received SIGQUIT indicating exit request
2024-10-14 17:05:08,145 INFO waiting for laravel-worker_00, laravel-worker_01, laravel-worker_02, laravel-worker_03, laravel-worker_04, laravel-worker_05, laravel-worker_06, laravel-worker_07, php-fpm to die
2024-10-14 17:05:08,165 INFO stopped: php-fpm (exit status 0)
2024-10-14 17:05:08,167 WARN stopped: laravel-worker_02 (terminated by SIGTERM)
2024-10-14 17:05:08,167 WARN stopped: laravel-worker_05 (terminated by SIGTERM)
2024-10-14 17:05:08,167 WARN stopped: laravel-worker_06 (terminated by SIGTERM)
2024-10-14 17:05:08,167 WARN stopped: laravel-worker_01 (terminated by SIGTERM)
2024-10-14 17:05:08,167 WARN stopped: laravel-worker_00 (terminated by SIGTERM)
2024-10-14 17:05:08,167 WARN stopped: laravel-worker_03 (terminated by SIGTERM)
2024-10-14 17:05:08,167 WARN stopped: laravel-worker_04 (terminated by SIGTERM)
2024-10-14 17:05:08,167 WARN stopped: laravel-worker_07 (terminated by SIGTERM)
2024-10-14 17:14:53,955 INFO Set uid to user 0 succeeded
2024-10-14 17:14:53,959 INFO supervisord started with pid 1
2024-10-14 17:14:54,961 INFO spawned: 'laravel-worker_00' with pid 7
2024-10-14 17:14:54,963 INFO spawned: 'laravel-worker_01' with pid 8
2024-10-14 17:14:54,964 INFO spawned: 'laravel-worker_02' with pid 9
2024-10-14 17:14:54,966 INFO spawned: 'laravel-worker_03' with pid 10
2024-10-14 17:14:54,967 INFO spawned: 'laravel-worker_04' with pid 11
2024-10-14 17:14:54,969 INFO spawned: 'laravel-worker_05' with pid 12
2024-10-14 17:14:54,970 INFO spawned: 'laravel-worker_06' with pid 13
2024-10-14 17:14:54,972 INFO spawned: 'laravel-worker_07' with pid 14
2024-10-14 17:14:54,973 INFO spawned: 'php-fpm' with pid 15
2024-10-14 17:14:56,054 INFO success: laravel-worker_00 entered RUNNING state, process has stayed up for > than 1 seconds (startsecs)
2024-10-14 17:14:56,054 INFO success: laravel-worker_01 entered RUNNING state, process has stayed up for > than 1 seconds (startsecs)
2024-10-14 17:14:56,054 INFO success: laravel-worker_02 entered RUNNING state, process has stayed up for > than 1 seconds (startsecs)
2024-10-14 17:14:56,055 INFO success: laravel-worker_03 entered RUNNING state, process has stayed up for > than 1 seconds (startsecs)
2024-10-14 17:14:56,055 INFO success: laravel-worker_04 entered RUNNING state, process has stayed up for > than 1 seconds (startsecs)
2024-10-14 17:14:56,055 INFO success: laravel-worker_05 entered RUNNING state, process has stayed up for > than 1 seconds (startsecs)
2024-10-14 17:14:56,055 INFO success: laravel-worker_06 entered RUNNING state, process has stayed up for > than 1 seconds (startsecs)
2024-10-14 17:14:56,055 INFO success: laravel-worker_07 entered RUNNING state, process has stayed up for > than 1 seconds (startsecs)
2024-10-14 17:14:56,055 INFO success: php-fpm entered RUNNING state, process has stayed up for > than 1 seconds (startsecs)
2024-10-15 08:42:13,576 WARN received SIGQUIT indicating exit request
2024-10-15 08:42:13,583 INFO waiting for laravel-worker_00, laravel-worker_01, laravel-worker_02, laravel-worker_03, laravel-worker_04, laravel-worker_05, laravel-worker_06, laravel-worker_07, php-fpm to die
2024-10-15 08:42:13,622 INFO stopped: php-fpm (exit status 0)
2024-10-15 08:42:13,625 WARN stopped: laravel-worker_07 (terminated by SIGTERM)
2024-10-15 08:42:13,625 WARN stopped: laravel-worker_06 (terminated by SIGTERM)
2024-10-15 08:42:13,625 WARN stopped: laravel-worker_00 (terminated by SIGTERM)
2024-10-15 08:42:13,625 WARN stopped: laravel-worker_01 (terminated by SIGTERM)
2024-10-15 08:42:13,625 WARN stopped: laravel-worker_02 (terminated by SIGTERM)
2024-10-15 08:42:13,625 WARN stopped: laravel-worker_03 (terminated by SIGTERM)
2024-10-15 08:42:13,625 WARN stopped: laravel-worker_04 (terminated by SIGTERM)
2024-10-15 08:42:13,625 WARN stopped: laravel-worker_05 (terminated by SIGTERM)
